[    0.000000] Linux version 4.15.0-213-generic (buildd@lcy02-amd64-079) (gcc version 7.5.0 (Ubuntu 7.5.0-3ubuntu1~18.04)) #224-Ubuntu SMP Mon Jun 19 13:30:12 UTC 2023 (Ubuntu 4.15.0-213.224-generic 4.15.18)
[    0.000000] Command line: BOOT_IMAGE=/boot/vmlinuz-4.15.0-213-generic root=UUID=f685bb41-0e3b-40c4-89c1-eea0f0583525 ro console=tty1 console=ttyS0
[    0.000000] KERNEL supported cpus:
[    0.000000]   Intel GenuineIntel
[    0.000000]   AMD AuthenticAMD
[    0.000000]   Centaur CentaurHauls
[    0.000000] x86/fpu: x87 FPU will use FXSAVE
[    0.000000] e820: BIOS-provided physical RAM map:
[    0.000000] BIOS-e820: [mem 0x0000000000000000-0x000000000009fbff] usable
[    0.000000] BIOS-e820: [mem 0x000000000009fc00-0x000000000009ffff] reserved
[    0.000000] BIOS-e820: [mem 0x00000000000f0000-0x00000000000fffff] reserved
[    0.000000] BIOS-e820: [mem 0x0000000000100000-0x000000007ffeffff] usable
[    0.000000] BIOS-e820: [mem 0x000000007fff0000-0x000000007fffffff] ACPI data
[    0.000000] BIOS-e820: [mem 0x00000000fec00000-0x00000000fec00fff] reserved
[    0.000000] BIOS-e820: [mem 0x00000000fee00000-0x00000000fee00fff] reserved
[    0.000000] BIOS-e820: [mem 0x00000000fffc0000-0x00000000ffffffff] reserved
[    0.000000] NX (Execute Disable) protection: active
[    0.000000] SMBIOS 2.5 present.
[    0.000000] DMI: innotek GmbH VirtualBox/VirtualBox, BIOS VirtualBox 12/01/2006
[    0.000000] Hypervisor detected: KVM
[    0.000000] e820: last_pfn = 0x7fff0 max_arch_pfn = 0x400000000
[    0.000000] MTRR: Disabled
[    0.000000] x86/PAT: MTRRs disabled, skipping PAT initialization too.
[    0.000000] CPU MTRRs all blank - virtualized system.
[    0.000000] x86/PAT: Configuration [0-7]: WB  WT  UC- UC  WB  WT  UC- UC  
[    0.000000] found SMP MP-table at [mem 0x0009fff0-0x0009ffff]
[    0.000000] Scanning 1 areas for low memory corruption
[    0.000000] RAMDISK: [mem 0x35819000-0x36c03fff]
[    0.000000] ACPI: Early table checksum verification disabled
[    0.000000] ACPI: RSDP 0x00000000000E0000 000024 (v02 VBOX  )
[    0.000000] ACPI: XSDT 0x000000007FFF0030 00003C (v01 VBOX   VBOXXSDT 00000001 ASL  00000061)
[    0.000000] ACPI: FACP 0x000000007FFF00F0 0000F4 (v04 VBOX   VBOXFACP 00000001 ASL  00000061)
[    0.000000] ACPI: DSDT 0x000000007FFF0610 002353 (v02 VBOX   VBOXBIOS 00000002 INTL 20100528)
[    0.000000] ACPI: FACS 0x000000007FFF0200 000040
[    0.000000] ACPI: FACS 0x000000007FFF0200 000040
[    0.000000] ACPI: APIC 0x000000007FFF0240 00005C (v02 VBOX   VBOXAPIC 00000001 ASL  00000061)
[    0.000000] ACPI: SSDT 0x000000007FFF02A0 00036C (v01 VBOX   VBOXCPUT 00000002 INTL 20100528)
[    0.000000] ACPI: Reserving FACP table memory at [mem 0x7fff00f0-0x7fff01e3]
[    0.000000] ACPI: Reserving DSDT table memory at [mem 0x7fff0610-0x7fff2962]
[    0.000000] ACPI: Reserving FACS table memory at [mem 0x7fff0200-0x7fff023f]
[    0.000000] ACPI: Reserving FACS table memory at [mem 0x7fff0200-0x7fff023f]
[    0.000000] ACPI: Reserving APIC table memory at [mem 0x7fff0240-0x7fff029b]
[    0.000000] ACPI: Reserving SSDT table memory at [mem 0x7fff02a0-0x7fff060b]
[    0.000000] No NUMA configuration found
[    0.000000] Faking a node at [mem 0x0000000000000000-0x000000007ffeffff]
[    0.000000] NODE_DATA(0) allocated [mem 0x7ffc5000-0x7ffeffff]
[    0.000000] kvm-clock: cpu 0, msr 0:7ff44001, primary cpu clock
[    0.000000] kvm-clock: Using msrs 4b564d01 and 4b564d00
[    0.000000] kvm-clock: using sched offset of 6057662463 cycles
[    0.000000] clocksource: kvm-clock: mask: 0xffffffffffffffff max_cycles: 0x1cd42e4dffb, max_idle_ns: 881590591483 ns
[    0.000000] Zone ranges:
[    0.000000]   DMA      [mem 0x0000000000001000-0x0000000000ffffff]
[    0.000000]   DMA32    [mem 0x0000000001000000-0x000000007ffeffff]
[    0.000000]   Normal   empty
[    0.000000]   Device   empty
[    0.000000] Movable zone start for each node
[    0.000000] Early memory node ranges
[    0.000000]   node   0: [mem 0x0000000000001000-0x000000000009efff]
[    0.000000]   node   0: [mem 0x0000000000100000-0x000000007ffeffff]
[    0.000000] Reserved but unavailable: 104 pages
[    0.000000] Initmem setup node 0 [mem 0x0000000000001000-0x000000007ffeffff]
[    0.000000] ACPI: PM-Timer IO Port: 0x4008
[    0.000000] IOAPIC[0]: apic_id 2, version 32, address 0xfec00000, GSI 0-23
[    0.000000] ACPI: INT_SRC_OVR (bus 0 bus_irq 0 global_irq 2 dfl dfl)
[    0.000000] ACPI: INT_SRC_OVR (bus 0 bus_irq 9 global_irq 9 low level)
[    0.000000] Using ACPI (MADT) for SMP configuration information
[    0.000000] smpboot: Allowing 2 CPUs, 0 hotplug CPUs
[    0.000000] PM: Registered nosave memory: [mem 0x00000000-0x00000fff]
[    0.000000] PM: Registered nosave memory: [mem 0x0009f000-0x0009ffff]
[    0.000000] PM: Registered nosave memory: [mem 0x000a0000-0x000effff]
[    0.000000] PM: Registered nosave memory: [mem 0x000f0000-0x000fffff]
[    0.000000] e820: [mem 0x80000000-0xfebfffff] available for PCI devices
[    0.000000] Booting paravirtualized kernel on KVM
[    0.000000] clocksource: refined-jiffies: mask: 0xffffffff max_cycles: 0xffffffff, max_idle_ns: 7645519600211568 ns
[    0.000000] setup_percpu: NR_CPUS:8192 nr_cpumask_bits:2 nr_cpu_ids:2 nr_node_ids:1
[    0.000000] percpu: Embedded 50 pages/cpu s167936 r8192 d28672 u1048576
[    0.000000] PV qspinlock hash table entries: 256 (order: 0, 4096 bytes)
[    0.000000] Built 1 zonelists, mobility grouping on.  Total pages: 515961
[    0.000000] Policy zone: DMA32
[    0.000000] Kernel command line: BOOT_IMAGE=/boot/vmlinuz-4.15.0-213-generic root=UUID=f685bb41-0e3b-40c4-89c1-eea0f0583525 ro console=tty1 console=ttyS0
[    0.000000] Memory: 2013968K/2096696K available (12300K kernel code, 2477K rwdata, 4324K rodata, 2480K init, 2720K bss, 82728K reserved, 0K cma-reserved)
[    0.000000] SLUB: HWalign=64, Order=0-3, MinObjects=0, CPUs=2, Nodes=1
[    0.000000] Kernel/User page tables isolation: enabled
[    0.000000] ftrace: allocating 39508 entries in 155 pages
[    0.004000] Hierarchical RCU implementation.
[    0.004000] 	RCU restricting CPUs from NR_CPUS=8192 to nr_cpu_ids=2.
[    0.004000] 	Tasks RCU enabled.
[    0.004000] RCU: Adjusting geometry for rcu_fanout_leaf=16, nr_cpu_ids=2
[    0.004000] NR_IRQS: 524544, nr_irqs: 440, preallocated irqs: 16
[    0.004000] random: crng init done
[    0.004000] Console: colour VGA+ 80x25
[    0.004000] console [tty1] enabled
[    0.004000] console [ttyS0] enabled
[    0.004000] ACPI: Core revision 20170831
[    0.004000] ACPI: 2 ACPI AML tables successfully acquired and loaded
[    0.004000] APIC: Switch to symmetric I/O mode setup
[    0.004000] ..TIMER: vector=0x30 apic1=0 pin1=2 apic2=-1 pin2=-1
[    0.004010] tsc: Detected 2112.000 MHz processor
[    0.008015] Calibrating delay loop (skipped) preset value.. 4224.00 BogoMIPS (lpj=8448000)
[    0.012013] pid_max: default: 32768 minimum: 301
[    0.016136] Security Framework initialized
[    0.020005] Yama: becoming mindful.
[    0.024143] AppArmor: AppArmor initialized
[    0.042360] Dentry cache hash table entries: 262144 (order: 9, 2097152 bytes)
[    0.051628] Inode-cache hash table entries: 131072 (order: 8, 1048576 bytes)
[    0.052229] Mount-cache hash table entries: 4096 (order: 3, 32768 bytes)
[    0.056225] Mountpoint-cache hash table entries: 4096 (order: 3, 32768 bytes)
[    0.062765] Last level iTLB entries: 4KB 64, 2MB 8, 4MB 8
[    0.064007] Last level dTLB entries: 4KB 64, 2MB 0, 4MB 0, 1GB 4
[    0.068027] Spectre V1 : Mitigation: usercopy/swapgs barriers and __user pointer sanitization
[    0.072010] Spectre V2 : Mitigation: Retpolines
[    0.076004] Spectre V2 : Spectre v2 / SpectreRSB mitigation: Filling RSB on context switch
[    0.080006] Spectre V2 : Spectre v2 / SpectreRSB : Filling RSB on VMEXIT
[    0.084008] RETBleed: WARNING: Spectre v2 mitigation leaves CPU vulnerable to RETBleed attacks, data leaks possible!
[    0.088008] RETBleed: Vulnerable
[    0.092006] Speculative Store Bypass: Vulnerable
[    0.100018] MDS: Mitigation: Clear CPU buffers
[    0.104006] MMIO Stale Data: Mitigation: Clear CPU buffers
[    0.108006] SRBDS: Unknown: Dependent on hypervisor status
[    0.112229] Freeing SMP alternatives memory: 36K
[    0.228639] smpboot: CPU0: Intel(R) Core(TM) i7-8650U CPU @ 1.90GHz (family: 0x6, model: 0x8e, stepping: 0xa)
[    0.232613] Performance Events: unsupported p6 CPU model 142 no PMU driver, software events only.
[    0.236182] Hierarchical SRCU implementation.
[    0.241056] NMI watchdog: Perf event create on CPU 0 failed with -2
[    0.244004] NMI watchdog: Perf NMI watchdog permanently disabled
[    0.252154] smp: Bringing up secondary CPUs ...
[    0.261260] x86: Booting SMP configuration:
[    0.264006] .... node  #0, CPUs:      #1
[    0.004000] kvm-clock: cpu 1, msr 0:7ff44041, secondary cpu clock
[    0.280000] TSC synchronization [CPU#0 -> CPU#1]:
[    0.280000] Measured 57486 cycles TSC warp between CPUs, turning off TSC clock.
[    0.280000] tsc: Marking TSC unstable due to check_tsc_sync_source failed
[    0.288402] smp: Brought up 1 node, 2 CPUs
[    0.292008] smpboot: Max logical packages: 1
[    0.296006] smpboot: Total of 2 processors activated (8448.00 BogoMIPS)
[    0.304770] devtmpfs: initialized
[    0.308141] x86/mm: Memory block size: 128MB
[    0.312828] evm: security.selinux
[    0.316011] evm: security.SMACK64
[    0.320005] evm: security.SMACK64EXEC
[    0.324004] evm: security.SMACK64TRANSMUTE
[    0.328006] evm: security.SMACK64MMAP
[    0.332004] evm: security.apparmor
[    0.336005] evm: security.ima
[    0.340012] evm: security.capability
[    0.348909] clocksource: jiffies: mask: 0xffffffff max_cycles: 0xffffffff, max_idle_ns: 7645041785100000 ns
[    0.352023] futex hash table entries: 512 (order: 3, 32768 bytes)
[    0.356262] pinctrl core: initialized pinctrl subsystem
[    0.364007] RTC time: 17:48:49, date: 07/25/24
[    0.369658] NET: Registered protocol family 16
[    0.376314] audit: initializing netlink subsys (disabled)
[    0.380414] audit: type=2000 audit(1721929736.119:1): state=initialized audit_enabled=0 res=1
[    0.400018] cpuidle: using governor ladder
[    0.404024] cpuidle: using governor menu
[    0.408059] ACPI: bus type PCI registered
[    0.412006] acpiphp: ACPI Hot Plug PCI Controller Driver version: 0.5
[    0.416744] PCI: Using configuration type 1 for base access
[    0.424658] HugeTLB registered 2.00 MiB page size, pre-allocated 0 pages
[    0.432920] ACPI: Added _OSI(Module Device)
[    0.436013] ACPI: Added _OSI(Processor Device)
[    0.440007] ACPI: Added _OSI(3.0 _SCP Extensions)
[    0.444005] ACPI: Added _OSI(Processor Aggregator Device)
[    0.448008] ACPI: Added _OSI(Linux-Dell-Video)
[    0.452010] ACPI: Added _OSI(Linux-Lenovo-NV-HDMI-Audio)
[    0.456013] ACPI: Added _OSI(Linux-HPI-Hybrid-Graphics)
[    0.461343] ACPI: Executed 1 blocks of module-level executable AML code
[    0.473957] ACPI: Interpreter enabled
[    0.476040] ACPI: (supports S0 S5)
[    0.480039] ACPI: Using IOAPIC for interrupt routing
[    0.484572] PCI: Using host bridge windows from ACPI; if necessary, use "pci=nocrs" and report a bug
[    0.488375] ACPI: Enabled 2 GPEs in block 00 to 07
[    0.508114] ACPI: PCI Root Bridge [PCI0] (domain 0000 [bus 00-ff])
[    0.512018] acpi PNP0A03:00: _OSC: OS supports [ASPM ClockPM Segments MSI]
[    0.517082] acpi PNP0A03:00: _OSC: not requesting OS control; OS requires [ExtendedConfig ASPM ClockPM MSI]
[    0.520021] acpi PNP0A03:00: fail to add MMCONFIG information, can't access extended PCI configuration space under this bridge.
[    0.528735] PCI host bridge to bus 0000:00
[    0.532017] pci_bus 0000:00: root bus resource [io  0x0000-0x0cf7 window]
[    0.536007] pci_bus 0000:00: root bus resource [io  0x0d00-0xffff window]
[    0.540009] pci_bus 0000:00: root bus resource [mem 0x000a0000-0x000bffff window]
[    0.544006] pci_bus 0000:00: root bus resource [mem 0x80000000-0xfdffffff window]
[    0.552032] pci_bus 0000:00: root bus resource [bus 00-ff]
[    0.569260] pci 0000:00:01.1: legacy IDE quirk: reg 0x10: [io  0x01f0-0x01f7]
[    0.572008] pci 0000:00:01.1: legacy IDE quirk: reg 0x14: [io  0x03f6]
[    0.576008] pci 0000:00:01.1: legacy IDE quirk: reg 0x18: [io  0x0170-0x0177]
[    0.580006] pci 0000:00:01.1: legacy IDE quirk: reg 0x1c: [io  0x0376]
[    0.617055] pci 0000:00:07.0: quirk: [io  0x4000-0x403f] claimed by PIIX4 ACPI
[    0.620063] pci 0000:00:07.0: quirk: [io  0x4100-0x410f] claimed by PIIX4 SMB
[    0.642993] ACPI: PCI Interrupt Link [LNKA] (IRQs 5 9 10 *11)
[    0.648393] ACPI: PCI Interrupt Link [LNKB] (IRQs 5 9 *10 11)
[    0.652303] ACPI: PCI Interrupt Link [LNKC] (IRQs 5 *9 10 11)
[    0.656438] ACPI: PCI Interrupt Link [LNKD] (IRQs 5 9 10 *11)
[    0.661097] SCSI subsystem initialized
[    0.664336] pci 0000:00:02.0: vgaarb: setting as boot VGA device
[    0.668000] pci 0000:00:02.0: vgaarb: VGA device added: decodes=io+mem,owns=io+mem,locks=none
[    0.668014] pci 0000:00:02.0: vgaarb: bridge control possible
[    0.672006] vgaarb: loaded
[    0.676119] ACPI: bus type USB registered
[    0.680038] usbcore: registered new interface driver usbfs
[    0.684057] usbcore: registered new interface driver hub
[    0.688021] usbcore: registered new device driver usb
[    0.692296] EDAC MC: Ver: 3.0.0
[    0.700625] PCI: Using ACPI for IRQ routing
[    0.705184] NetLabel: Initializing
[    0.708004] NetLabel:  domain hash size = 128
[    0.712006] NetLabel:  protocols = UNLABELED CIPSOv4 CALIPSO
[    0.716194] NetLabel:  unlabeled traffic allowed by default
[    0.720297] clocksource: Switched to clocksource kvm-clock
[    0.755108] VFS: Disk quotas dquot_6.6.0
[    0.755108] VFS: Dquot-cache hash table entries: 512 (order 0, 4096 bytes)
[    0.755108] AppArmor: AppArmor Filesystem Enabled
[    0.755108] pnp: PnP ACPI init
[    0.755108] pnp: PnP ACPI: found 3 devices
[    0.877025] clocksource: acpi_pm: mask: 0xffffff max_cycles: 0xffffff, max_idle_ns: 2085701024 ns
[    0.880944] NET: Registered protocol family 2
[    0.880944] IP idents hash table entries: 32768 (order: 6, 262144 bytes)
[    0.905609] TCP established hash table entries: 16384 (order: 5, 131072 bytes)
[    0.916615] TCP bind hash table entries: 16384 (order: 6, 262144 bytes)
[    0.927164] TCP: Hash tables configured (established 16384 bind 16384)
[    0.936708] UDP hash table entries: 1024 (order: 3, 32768 bytes)
[    0.944977] UDP-Lite hash table entries: 1024 (order: 3, 32768 bytes)
[    0.953695] NET: Registered protocol family 1
[    0.959582] pci 0000:00:00.0: Limiting direct PCI/PCI transfers
[    0.969441] pci 0000:00:01.0: Activating ISA DMA hang workarounds
[    0.978037] pci 0000:00:02.0: Video device with shadowed ROM at [mem 0x000c0000-0x000dffff]
[    0.989108] Unpacking initramfs...
[    1.605256] Freeing initrd memory: 20396K
[    1.610730] clocksource: tsc: mask: 0xffffffffffffffff max_cycles: 0x1e71785e5dd, max_idle_ns: 440795244814 ns
[    1.622543] platform rtc_cmos: registered platform RTC device (no PNP device found)
[    1.633522] Scanning for low memory corruption every 60 seconds
[    1.645106] Initialise system trusted keyrings
[    1.651584] Key type blacklist registered
[    1.659371] workingset: timestamp_bits=36 max_order=19 bucket_order=0
[    1.671548] zbud: loaded
[    1.677576] squashfs: version 4.0 (2009/01/31) Phillip Lougher
[    1.685870] fuse init (API version 7.26)
[    1.720394] Key type asymmetric registered
[    1.726121] Asymmetric key parser 'x509' registered
[    1.732035] Block layer SCSI generic (bsg) driver version 0.4 loaded (major 246)
[    1.742667] io scheduler noop registered
[    1.748338] io scheduler deadline registered
[    1.753787] io scheduler cfq registered (default)
[    1.760652] ACPI: AC Adapter [AC] (on-line)
[    1.766571] input: Power Button as /devices/LNXSYSTM:00/LNXPWRBN:00/input/input0
[    1.775557] ACPI: Power Button [PWRF]
[    1.781395] input: Sleep Button as /devices/LNXSYSTM:00/LNXSLPBN:00/input/input1
[    1.790393] ACPI: Sleep Button [SLPF]
[    1.798740] ACPI: Battery Slot [BAT0] (battery present)
[    1.805684] Serial: 8250/16550 driver, 32 ports, IRQ sharing enabled
[    1.849802] 00:02: ttyS0 at I/O 0x3f8 (irq = 4, base_baud = 115200) is a 16550A
[    1.861936] Linux agpgart interface v0.103
[    1.873012] loop: module loaded
[    1.883499] scsi host0: ata_piix
[    1.890276] scsi host1: ata_piix
[    1.895164] ata1: PATA max UDMA/33 cmd 0x1f0 ctl 0x3f6 bmdma 0xd000 irq 14
[    1.903041] ata2: PATA max UDMA/33 cmd 0x170 ctl 0x376 bmdma 0xd008 irq 15
[    1.912385] tun: Universal TUN/TAP device driver, 1.6
[    1.920589] PPP generic driver version 2.4.2
[    1.926487] ehci_hcd: USB 2.0 'Enhanced' Host Controller (EHCI) Driver
[    1.930325] ehci-pci: EHCI PCI platform driver
[    1.930325] ehci-platform: EHCI generic platform driver
[    1.930325] ohci_hcd: USB 1.1 'Open' Host Controller (OHCI) Driver
[    1.930325] ohci-pci: OHCI PCI platform driver
[    1.930325] ohci-platform: OHCI generic platform driver
[    1.930325] uhci_hcd: USB Universal Host Controller Interface driver
[    1.930325] i8042: PNP: PS/2 Controller [PNP0303:PS2K,PNP0f03:PS2M] at 0x60,0x64 irq 1,12
[    1.930325] serio: i8042 KBD port at 0x60,0x64 irq 1
[    1.930325] serio: i8042 AUX port at 0x60,0x64 irq 12
[    1.930325] mousedev: PS/2 mouse device common for all mice
[    2.005873] rtc_cmos rtc_cmos: rtc core: registered rtc_cmos as rtc0
[    2.013507] rtc_cmos rtc_cmos: alarms up to one day, 114 bytes nvram
[    2.023282] i2c /dev entries driver
[    2.028431] device-mapper: uevent: version 1.0.3
[    2.034177] device-mapper: ioctl: 4.37.0-ioctl (2017-09-20) initialised: dm-devel@redhat.com
[    2.044672] ledtrig-cpu: registered to indicate activity on CPUs
[    2.053096] input: AT Translated Set 2 keyboard as /devices/platform/i8042/serio0/input/input2
[    2.066696] NET: Registered protocol family 10
[    2.150603] Segment Routing with IPv6
[    2.155905] NET: Registered protocol family 17
[    2.161664] Key type dns_resolver registered
[    2.170166] mce: Using 0 MCE banks
[    2.175559] RAS: Correctable Errors collector initialized.
[    2.182247] sched_clock: Marking stable (2182183638, 0)->(3934888917, -1752705279)
[    2.198134] registered taskstats version 1
[    2.203260] Loading compiled-in X.509 certificates
[    2.215500] Loaded X.509 cert 'Build time autogenerated kernel key: cdc7189136aaa35407544516090e2034d9c28e14'
[    2.227794] Loaded X.509 cert 'Canonical Ltd. Live Patch Signing: 14df34d1a87cf37625abec039ef2bf521249b969'
[    2.239586] Loaded X.509 cert 'Canonical Ltd. Kernel Module Signing: 88f752e560a1e0737e31163a466ad7b70a850c19'
[    2.251321] blacklist: Loading compiled-in revocation X.509 certificates
[    2.259417] Loaded X.509 cert 'Canonical Ltd. Secure Boot Signing: 61482aa2830d0ab2ad5af10b7250da9033ddcef0'
[    2.271570] Loaded X.509 cert 'Canonical Ltd. Secure Boot Signing (2017): 242ade75ac4a15e50d50c84b0d45ff3eae707a03'
[    2.285779] Loaded X.509 cert 'Canonical Ltd. Secure Boot Signing (ESM 2018): 365188c1d374d6b07c3c8f240f8ef722433d6a8b'
[    2.298559] Loaded X.509 cert 'Canonical Ltd. Secure Boot Signing (2019): c0746fd6c5da3ae827864651ad66ae47fe24b3e8'
[    2.311170] Loaded X.509 cert 'Canonical Ltd. Secure Boot Signing (2021 v1): a8d54bbb3825cfb94fa13c9f8a594a195c107b8d'
[    2.324768] Loaded X.509 cert 'Canonical Ltd. Secure Boot Signing (2021 v2): 4cf046892d6fd3c9a5b03f98d845f90851dc6a8c'
[    2.337772] Loaded X.509 cert 'Canonical Ltd. Secure Boot Signing (2021 v3): 100437bb6de6e469b581e61cd66bce3ef4ed53af'
[    2.351673] Loaded X.509 cert 'Canonical Ltd. Secure Boot Signing (Ubuntu Core 2019): c1d57b8f6b743f23ee41f4f7ee292f06eecadfb9'
[    2.365787] zswap: loaded using pool lzo/zbud
[    2.387748] Key type big_key registered
[    2.393349] Key type trusted registered
[    2.405223] Key type encrypted registered
[    2.410834] AppArmor: AppArmor sha1 policy hashing enabled
[    2.417646] ima: No TPM chip found, activating TPM-bypass! (rc=-19)
[    2.425775] ima: Allocated hash algorithm: sha1
[    2.431835] evm: HMAC attrs: 0x1
[    2.437573]   Magic number: 0:477:846
[    2.443512] rtc_cmos rtc_cmos: setting system clock to 2024-07-25 17:48:52 UTC (1721929732)
[    2.454633] BIOS EDD facility v0.16 2004-Jun-25, 0 devices found
[    2.462161] EDD information not available.
[    2.472335] Freeing unused kernel image memory: 2480K
[    2.492226] Write protecting the kernel read-only data: 20480k
[    2.501429] Freeing unused kernel image memory: 2008K
[    2.508976] Freeing unused kernel image memory: 1820K
[    2.523177] x86/mm: Checked W+X mappings: passed, no W+X pages found.
[    2.531641] x86/mm: Checking user space page tables
[    2.544598] x86/mm: Checked W+X mappings: passed, no W+X pages found.
Loading, please wait...
starting version 237
[    2.650977] e1000: Intel(R) PRO/1000 Network Driver - version 7.3.21-k8-NAPI
[    2.660264] e1000: Copyright (c) 1999-2006 Intel Corporation.
[    2.721798] Fusion MPT base driver 3.04.20
[    2.728518] Copyright (c) 1999-2008 LSI Corporation
[    2.772479] SSE version of gcm_enc/dec engaged.
[    2.788017] Fusion MPT SPI Host driver 3.04.20
[    2.959172] input: ImExPS/2 Generic Explorer Mouse as /devices/platform/i8042/serio1/input/input4
[    3.566462] e1000 0000:00:03.0 eth0: (PCI:33MHz:32-bit) 02:3b:7b:b7:3b:2d
[    3.575350] e1000 0000:00:03.0 eth0: Intel(R) PRO/1000 Network Connection
[    4.345135] e1000 0000:00:08.0 eth1: (PCI:33MHz:32-bit) 08:00:27:54:88:48
[    4.352570] e1000 0000:00:08.0 eth1: Intel(R) PRO/1000 Network Connection
[    4.362845] mptbase: ioc0: Initiating bringup
[    4.363181] e1000 0000:00:08.0 enp0s8: renamed from eth1
[    4.393325] e1000 0000:00:03.0 enp0s3: renamed from eth0
[  271.143431] INFO: rcu_sched self-detected stall on CPU
[  271.143832] INFO: rcu_sched self-detected stall on CPU
[  271.157728] 	1-...!: (1 ticks this GP) idle=eaa/140000000000001/0 softirq=1191/1191 fqs=0 
[  271.194257] 	 (t=66686 jiffies g=-148 c=-149 q=145)
[  271.194675] 	0-...!: (1 GPs behind) idle=f02/1/0 softirq=593/594 fqs=0 
[  271.209535] rcu_sched kthread starved for 66686 jiffies! g18446744073709551468 c18446744073709551467 f0x0 RCU_GP_WAIT_FQS(3) ->state=0x402 ->cpu=1
[  271.222778] 	 (t=66686 jiffies g=-148 c=-149 q=145)
[  271.247085] rcu_sched       I    0     8      2 0x80000000
[  271.247090] Call Trace:
[  271.256197] rcu_sched kthread starved for 66686 jiffies! g18446744073709551468 c18446744073709551467 f0x0 RCU_GP_WAIT_FQS(3) ->state=0x402 ->cpu=1
[  271.256202] rcu_sched       I    0     8      2 0x80000000
[  271.266313]  __schedule+0x24e/0x890
[  271.266318]  schedule+0x2c/0x80
[  271.266320]  schedule_timeout+0x15d/0x370
[  271.266327]  ? __next_timer_interrupt+0xe0/0xe0
[  271.266332]  rcu_gp_kthread+0x53a/0x980
[  271.266337]  kthread+0x121/0x140
[  271.266339]  ? rcu_note_context_switch+0x150/0x150
[  271.266342]  ? kthread_create_worker_on_cpu+0x70/0x70
[  271.266344]  ret_from_fork+0x35/0x40
[  271.266363] Sending NMI from CPU 1 to CPUs 0:
[  271.268698] NMI backtrace for cpu 0
[  271.268701] CPU: 0 PID: 0 Comm: swapper/0 Not tainted 4.15.0-213-generic #224-Ubuntu
[  271.268702] Hardware name: innotek GmbH VirtualBox/VirtualBox, BIOS VirtualBox 12/01/2006
[  271.268703] RIP: 0010:io_serial_in+0x18/0x20
[  271.268703] RSP: 0018:ffff8a1c3fc03bd8 EFLAGS: 00010002
[  271.268705] RAX: ffffffff86620b60 RBX: ffffffff87b16e60 RCX: 0000000000000000
[  271.268706] RDX: 00000000000003fd RSI: 0000000000000005 RDI: ffffffff87b16e60
[  271.268707] RBP: ffff8a1c3fc03bd8 R08: 0000000000000000 R09: 0000000000000007
[  271.268708] R10: 0000000000000000 R11: ffffffff8796a80d R12: 0000000000002710
[  271.268709] R13: 0000000000000020 R14: ffffffff8796a801 R15: ffffffff87b16e60
[  271.268710] FS:  0000000000000000(0000) GS:ffff8a1c3fc00000(0000) knlGS:0000000000000000
[  271.268710] CS:  0010 DS: 0000 ES: 0000 CR0: 0000000080050033
[  271.268711] CR2: 0000558d3b8ba938 CR3: 000000002020a002 CR4: 00000000000206f0
[  271.268711] Call Trace:
[  271.268712]  <IRQ>
[  271.268712]  wait_for_xmitr+0x47/0xb0
[  271.268713]  serial8250_console_putchar+0x1c/0x40
[  271.268714]  ? wait_for_xmitr+0xb0/0xb0
[  271.268714]  uart_console_write+0x4c/0x60
[  271.268715]  serial8250_console_write+0x10a/0x2a0
[  271.268716]  ? msg_print_text+0x80/0x100
[  271.268716]  univ8250_console_write+0x21/0x30
[  271.268717]  console_unlock+0x3cf/0x560
[  271.268717]  vprintk_emit+0x134/0x2c0
[  271.268718]  vprintk_default+0x29/0x50
[  271.268719]  vprintk_func+0x47/0xc0
[  271.268719]  printk+0x52/0x6e
[  271.268720]  sched_show_task+0xe5/0x130
[  271.268720]  rcu_check_gp_kthread_starvation+0xad/0xc0
[  271.268721]  rcu_check_callbacks+0x6c5/0x8e0
[  271.268722]  ? swake_up+0x37/0x40
[  271.268722]  ? tick_sched_do_timer+0x50/0x50
[  271.268723]  update_process_times+0x2f/0x60
[  271.268724]  tick_sched_handle+0x26/0x70
[  271.268724]  ? tick_sched_do_timer+0x50/0x50
[  271.268725]  tick_sched_timer+0x39/0x80
[  271.268725]  __hrtimer_run_queues+0xdf/0x230
[  271.268726]  hrtimer_interrupt+0x97/0x180
[  271.268726]  smp_apic_timer_interrupt+0x6f/0x140
[  271.268727]  apic_timer_interrupt+0x90/0xa0
[  271.268727]  </IRQ>
[  271.268728] RIP: 0010:native_safe_halt+0x12/0x20
[  271.268728] RSP: 0018:ffffffff87403e28 EFLAGS: 00010246 ORIG_RAX: ffffffffffffff11
[  271.268730] RAX: ffffffff869cfa20 RBX: 0000000000000000 RCX: 0000000000000000
[  271.268731] RDX: 0000000000000000 RSI: 0000000000000000 RDI: 0000000000000000
[  271.268732] RBP: ffffffff87403e28 R08: 0000000000000002 R09: 0000000000000001
[  271.268733] R10: 0000000000000000 R11: 000000000000018a R12: 0000000000000000
[  271.268733] R13: 0000000000000000 R14: 0000000000000000 R15: 0000000000000000
[  271.268734]  ? __sched_text_end+0x1/0x1
[  271.268735]  default_idle+0x20/0x100
[  271.268735]  arch_cpu_idle+0x15/0x20
[  271.268736]  default_idle_call+0x23/0x30
[  271.268737]  do_idle+0x172/0x1f0
[  271.268737]  cpu_startup_entry+0x73/0x80
[  271.268738]  rest_init+0xae/0xb0
[  271.268738]  start_kernel+0x4c9/0x4ed
[  271.268739]  x86_64_start_reservations+0x24/0x26
[  271.268739]  x86_64_start_kernel+0x8e/0x91
[  271.268740]  secondary_startup_64+0xa5/0xb0
[  271.268740] Code: 48 89 e5 d3 e6 48 63 f6 48 03 77 10 8b 06 5d c3 0f 1f 00 0f 1f 44 00 00 0f b6 8f a1 00 00 00 8b 57 08 55 48 89 e5 d3 e6 01 f2 ec <0f> b6 c0 5d c3 0f 1f 00 0f 1f 44 00 00 0f b6 8f a1 00 00 00 89 
[  271.268758] INFO: NMI handler (nmi_cpu_backtrace_handler) took too long to run: 1.066 msecs
[  271.268763] NMI backtrace for cpu 1
[  271.274067] Call Trace:
[  271.294671] CPU: 1 PID: 154 Comm: systemd-udevd Not tainted 4.15.0-213-generic #224-Ubuntu
[  271.306531]  __schedule+0x24e/0x890
[  271.313520] Hardware name: innotek GmbH VirtualBox/VirtualBox, BIOS VirtualBox 12/01/2006
[  271.319195]  schedule+0x2c/0x80
[  271.326354] Call Trace:
[  271.326356]  <IRQ>
[  271.326363]  dump_stack+0x6d/0x8b
[  271.326367]  nmi_cpu_backtrace+0x94/0xa0
[  271.335067]  schedule_timeout+0x15d/0x370
[  271.335073]  ? __next_timer_interrupt+0xe0/0xe0
[  271.342119]  ? lapic_can_unplug_cpu+0xb0/0xb0
[  271.347334]  rcu_gp_kthread+0x53a/0x980
[  271.355412]  nmi_trigger_cpumask_backtrace+0xe7/0x130
[  271.363207]  kthread+0x121/0x140
[  271.370299]  arch_trigger_cpumask_backtrace+0x19/0x20
[  271.377949]  ? rcu_note_context_switch+0x150/0x150
[  271.384180]  rcu_dump_cpu_stacks+0xa3/0xd5
[  271.395161]  ? kthread_create_worker_on_cpu+0x70/0x70
[  271.410281]  rcu_check_callbacks+0x6cd/0x8e0
[  271.418069]  ret_from_fork+0x35/0x40
[  271.426216]  ? tick_sched_do_timer+0x50/0x50
[  271.984735]  update_process_times+0x2f/0x60
[  271.991647]  tick_sched_handle+0x26/0x70
[  271.997463]  ? tick_sched_do_timer+0x42/0x50
[  272.004943]  tick_sched_timer+0x39/0x80
[  272.010849]  __hrtimer_run_queues+0xdf/0x230
[  272.017775]  hrtimer_interrupt+0x97/0x180
[  272.025098]  smp_apic_timer_interrupt+0x6f/0x140
[  272.032088]  apic_timer_interrupt+0x90/0xa0
[  272.038227]  </IRQ>
[  272.040947] RIP: 0010:dev_attr_show+0x9/0x60
[  272.046913] RSP: 0018:ffff9b29c05fbdc0 EFLAGS: 00010282 ORIG_RAX: ffffffffffffff11
[  272.057322] RAX: ffffffff86899ef0 RBX: ffff8a1c387c0780 RCX: ffff8a1bf60d4440
[  272.068513] RDX: ffff8a1bf607f000 RSI: ffffffff875e78c0 RDI: ffff8a1bf6452510
[  272.078407] RBP: ffff9b29c05fbdd8 R08: ffff8a1bf6452510 R09: ffff8a1bf60d8900
[  272.088557] R10: 0000000000000000 R11: 0000000000000000 R12: ffffffff86ebde50
[  272.098073] R13: ffff8a1bf6606600 R14: 0000000000000001 R15: ffff8a1c387c0780
[  272.107602]  ? duplex_show.part.10+0x20/0x20
[  272.113456]  ? sysfs_kf_seq_show+0xa3/0x130
[  272.118995]  kernfs_seq_show+0x27/0x30
[  272.125440]  seq_read+0xe5/0x450
[  272.130166]  kernfs_fop_read+0x137/0x180
[  272.136324]  ? security_file_permission+0xa1/0xc0
[  272.142308]  __vfs_read+0x1b/0x40
[  272.147304]  vfs_read+0x8e/0x130
[  272.151521]  SyS_read+0x5c/0xe0
[  272.156740]  do_syscall_64+0x73/0x130
[  272.161257]  entry_SYSCALL_64_after_hwframe+0x59/0xbe
[  272.168720] RIP: 0033:0x7f167b20e031
[  272.173157] RSP: 002b:00007ffd7b1aa878 EFLAGS: 00000246 ORIG_RAX: 0000000000000000
[  272.182791] RAX: ffffffffffffffda RBX: 0000558d3b889260 RCX: 00007f167b20e031
[  272.192718] RDX: 0000000000001000 RSI: 0000558d3b8b8440 RDI: 000000000000000d
[  272.203854] RBP: 00007f167b4e62a0 R08: 0000000000000077 R09: 0000000000000000
[  272.215177] R10: 0000558d3b889010 R11: 0000000000000246 R12: 0000558d3b8b8440
[  272.227040] R13: 0000000000001001 R14: 0000000000000d68 R15: 0000000000001001
[  272.239768] NMI backtrace for cpu 0
[  272.245685] CPU: 0 PID: 0 Comm: swapper/0 Not tainted 4.15.0-213-generic #224-Ubuntu
[  272.256004] Hardware name: innotek GmbH VirtualBox/VirtualBox, BIOS VirtualBox 12/01/2006
[  272.268410] Call Trace:
[  272.271644]  <IRQ>
[  272.275611]  dump_stack+0x6d/0x8b
[  272.281028]  nmi_cpu_backtrace+0x94/0xa0
[  272.286563]  ? lapic_can_unplug_cpu+0xb0/0xb0
[  272.292450]  nmi_trigger_cpumask_backtrace+0xe7/0x130
[  272.299625]  arch_trigger_cpumask_backtrace+0x19/0x20
[  272.306868]  rcu_dump_cpu_stacks+0xa3/0xd5
[  272.312625]  rcu_check_callbacks+0x6cd/0x8e0
[  272.318935]  ? swake_up+0x37/0x40
[  272.323887]  ? tick_sched_do_timer+0x50/0x50
[  272.329833]  update_process_times+0x2f/0x60
[  272.335466]  tick_sched_handle+0x26/0x70
[  272.341095]  ? tick_sched_do_timer+0x50/0x50
[  272.346714]  tick_sched_timer+0x39/0x80
[  272.351590]  __hrtimer_run_queues+0xdf/0x230
[  272.357221]  hrtimer_interrupt+0x97/0x180
[  272.363323]  smp_apic_timer_interrupt+0x6f/0x140
[  272.371521]  apic_timer_interrupt+0x90/0xa0
[  272.377494]  </IRQ>
[  272.380427] RIP: 0010:native_safe_halt+0x12/0x20
[  272.386927] RSP: 0018:ffffffff87403e28 EFLAGS: 00010246 ORIG_RAX: ffffffffffffff11
[  272.397860] RAX: ffffffff869cfa20 RBX: 0000000000000000 RCX: 0000000000000000
[  272.409055] RDX: 0000000000000000 RSI: 0000000000000000 RDI: 0000000000000000
[  272.418349] RBP: ffffffff87403e28 R08: 0000000000000002 R09: 0000000000000001
[  272.427669] R10: 0000000000000000 R11: 000000000000018a R12: 0000000000000000
[  272.438289] R13: 0000000000000000 R14: 0000000000000000 R15: 0000000000000000
[  272.447290]  ? __sched_text_end+0x1/0x1
[  272.452850]  default_idle+0x20/0x100
[  272.457818]  arch_cpu_idle+0x15/0x20
[  272.462386]  default_idle_call+0x23/0x30
[  272.468247]  do_idle+0x172/0x1f0
[  272.473509]  cpu_startup_entry+0x73/0x80
[  272.479912]  rest_init+0xae/0xb0
[  272.484794]  start_kernel+0x4c9/0x4ed
[  272.489243]  x86_64_start_reservations+0x24/0x26
[  272.495438]  x86_64_start_kernel+0x8e/0x91
[  272.501620]  secondary_startup_64+0xa5/0xb0
[  272.507941] Sending NMI from CPU 0 to CPUs 1:
[  282.601067] ioc0: LSI53C1030 A0: Capabilities={Initiator}
[  282.880859] scsi host2: ioc0: LSI53C1030 A0, FwRev=00000000h, Ports=1, MaxQ=256, IRQ=20
[  283.066559] scsi 2:0:0:0: Direct-Access     VBOX     HARDDISK         1.0  PQ: 0 ANSI: 5
[  283.116702] scsi target2:0:0: Beginning Domain Validation
[  283.145731] scsi target2:0:0: Domain Validation skipping write tests
[  283.160611] scsi target2:0:0: Ending Domain Validation
[  283.172936] scsi target2:0:0: asynchronous
[  283.191042] scsi 2:0:1:0: Direct-Access     VBOX     HARDDISK         1.0  PQ: 0 ANSI: 5
[  283.236487] scsi target2:0:1: Beginning Domain Validation
[  283.274483] scsi target2:0:1: Domain Validation skipping write tests
[  283.290736] scsi target2:0:1: Ending Domain Validation
[  283.303922] scsi target2:0:1: asynchronous
[  283.356461] sd 2:0:0:0: Attached scsi generic sg0 type 0
[  283.376628] sd 2:0:0:0: [sda] 83886080 512-byte logical blocks: (42.9 GB/40.0 GiB)
[  283.379394] sd 2:0:1:0: [sdb] 20480 512-byte logical blocks: (10.5 MB/10.0 MiB)
[  283.404886] sd 2:0:1:0: Attached scsi generic sg1 type 0
[  283.443547] sd 2:0:0:0: [sda] Write Protect is off
[  283.443671] sd 2:0:1:0: [sdb] Write Protect is off
[  283.472736] sd 2:0:1:0: [sdb] Incomplete mode parameter data
[  283.473021] sd 2:0:0:0: [sda] Incomplete mode parameter data
[  283.485330] sd 2:0:1:0: [sdb] Assuming drive cache: write through
[  283.502899] sd 2:0:0:0: [sda] Assuming drive cache: write through
[  283.558217]  sda: sda1
[  283.568986] sd 2:0:1:0: [sdb] Attached SCSI disk
[  283.587924] sd 2:0:0:0: [sda] Attached SCSI disk
Begin: Loading essential drivers ... [  288.092469] raid6: sse2x1   gen()  5226 MB/s
[  288.148460] raid6: sse2x1   xor()  3315 MB/s
[  288.213576] raid6: sse2x2   gen()  5007 MB/s
[  288.268525] raid6: sse2x2   xor()  2549 MB/s
[  288.324991] raid6: sse2x4   gen()  4700 MB/s
[  288.388764] raid6: sse2x4   xor()  3286 MB/s
[  288.396680] raid6: using algorithm sse2x1 gen() 5226 MB/s
[  288.406418] raid6: .... xor() 3315 MB/s, rmw enabled
[  288.420324] raid6: using ssse3x2 recovery algorithm
[  288.443702] xor: measuring software checksum speed
[  288.496410]    prefetch64-sse:  8422.000 MB/sec
[  288.548313]    generic_sse: 22648.000 MB/sec
[  288.557737] xor: using function: generic_sse (22648.000 MB/sec)
[  288.575018] async_tx: api initialized (async)
done.
Begin: Running /scripts/init-premount ... done.
Begin: Mounting root file system ... Begin: Running /scripts/local-top ... done.
Begin: Running /scripts/local-premount ... [  288.711170] Btrfs loaded, crc32c=crc32c-intel
Scanning for Btrfs filesystems
done.
Begin: Will now check root file system ... fsck from util-linux 2.31.1
[/sbin/fsck.ext4 (1) -- /dev/sda1] fsck.ext4 -a -C0 /dev/sda1 
cloudimg-rootfs: recovering journal
cloudimg-rootfs: clean, 304898/5120000 files, 1353782/10485499 blocks
done.
[  289.287137] EXT4-fs (sda1): mounted filesystem with ordered data mode. Opts: (null)
done.
Begin: Running /scripts/local-bottom ... done.
Begin: Running /scripts/init-bottom ... done.
[  289.978584] ip_tables: (C) 2000-2006 Netfilter Core Team
[  290.019502] systemd[1]: systemd 237 running in system mode. (+PAM +AUDIT +SELINUX +IMA +APPARMOR +SMACK +SYSVINIT +UTMP +LIBCRYPTSETUP +GCRYPT +GNUTLS +ACL +XZ +LZ4 +SECCOMP +BLKID +ELFUTILS +KMOD -IDN2 +IDN -PCRE2 default-hierarchy=hybrid)
[  290.066949] systemd[1]: Detected virtualization oracle.
[  290.076105] systemd[1]: Detected architecture x86-64.

Welcome to [1mUbuntu 18.04.6 LTS[0m!

[  290.168735] systemd[1]: Set hostname to <app>.
[  291.265994] systemd[1]: Created slice System Slice.
[[0;32m  OK  [0m] Created slice System Slice.
[  291.279197] systemd[1]: Listening on Journal Audit Socket.
[[0;32m  OK  [0m] Listening on Journal Audit Socket.
[  291.298630] systemd[1]: Listening on fsck to fsckd communication Socket.
[[0;32m  OK  [0m] Listening on fsck to fsckd communication Socket.
[  291.321786] systemd[1]: Listening on Device-mapper event daemon FIFOs.
[[0;32m  OK  [0m] Listening on Device-mapper event daemon FIFOs.
[  291.342533] systemd[1]: Set up automount Arbitrary Executable File Formats File System Automount Point.
[[0;32m  OK  [0m] Set up automount Arbitrary Executab…rmats File System Automount Point.
[  291.374017] systemd[1]: Created slice User and Session Slice.
[[0;32m  OK  [0m] Created slice User and Session Slice.
[[0;32m  OK  [0m] Reached target Slices.
[[0;32m  OK  [0m] Listening on udev Control Socket.
[[0;32m  OK  [0m] Created slice system-serial\x2dgetty.slice.
[[0;32m  OK  [0m] Reached target Mounting snaps.
[[0;32m  OK  [0m] Reached target Mounted snaps.
[[0;32m  OK  [0m] Listening on Network Service Netlink Socket.
[[0;32m  OK  [0m] Listening on Journal Socket.
         Mounting Kernel Debug File System...
         Starting Uncomplicated firewall...
         Starting Load Kernel Modules...
         Starting Remount Root and Kernel File Systems...
[[0;32m  OK  [0m] Listening on Journal Socket (/dev/log).
[[0;32m  OK  [0m] Reached target Swap.
[[0;32m  OK  [0m] Started Forward Password Requests to Wall Directory Watch.
         Mounting POSIX Message Queue File System...
         Starting Set the console keyboard layout...[  291.539125] Loading iSCSI transport class v2.0-870.

         Starting Create list of required st…ce nodes for the current kernel...
[[0;32m  OK  [0m] Listening on udev Kernel Socket.
         Starting udev Coldplug all Devices...
[[0;32m  OK  [0m] Listening on LVM2 metadata daemon socket.
         Starting Monitoring of LVM2 mirrors…ng dmeventd or progress polling...
[[0;32m  OK  [0m] [  291.598353] EXT4-fs (sda1): re-mounted. Opts: (null)
Reached target User and Group Name Lookups.
[[0;32m  OK  [0m] Listening on /dev/initctl Compatibility Named Pipe.
[[0;32m  OK  [0m] Reached target System Time Synchronized.
[[0;32m  OK  [0m] Listening on LVM2 poll daemon socket.
[[0;32m  OK  [0m] Listening on Syslog Socket.
         Starting Journal Service...
         Mounting Huge Pages File System...
[[0;32m  OK  [0m] Mounted Kernel Debug File System.
[[0;32m  OK  [0m] Started Uncomplicated firewall.
[[0;32m  OK  [0m] [  291.717986] iscsi: registered transport (tcp)
Started Remount Root and Kernel File Systems.
[[0;32m  OK  [0m] Mounted POSIX Message Queue File System.
[[0;32m  OK  [0m] Started Create list of required sta…vice nodes for the current kernel.
[[0;32m  OK  [0m] Mounted Huge Pages File System.
         Starting Create Static Device Nodes in /dev...
         Starting Load/Save Random Seed...
[[0;32m  OK  [0m] Started Journal Service.
[[0;32m  OK  [0m] Started udev Coldplug all Devices.
[[0;32m  OK  [0m] Started Create Static Device Nodes in /dev.
[[0;32m  OK  [0m] Started Load/Save Random Seed.
         Starting udev Kernel Device Manager...
         Starting Flush Journal to Persistent Storage...
[[0;32m  OK  [0m] Started LVM2 metadata daemon.
[  292.034791] systemd-journald[424]: Received request to flush runtime journal from PID 1
[[0;32m  OK  [0m] Started Set the console keyboard layout.
[  292.162359] iscsi: registered transport (iser)
[[0;32m  OK  [0m] Started Load Kernel Modules.
         Mounting Kernel Configuration File System...
         Mounting FUSE Control File System...
         Starting Apply Kernel Variables...
[[0;32m  OK  [0m] Mounted Kernel Configuration File System.
[[0;32m  OK  [0m] Mounted FUSE Control File System.
[[0;32m  OK  [0m] Started Monitoring of LVM2 mirrors,…sing dmeventd or progress polling.
[[0;32m  OK  [0m] Reached target Local File Systems (Pre).
[[0;32m  OK  [0m] Reached target Local File Systems.
         Starting Set console font and keymap...
         Starting AppArmor initialization...
         Starting Tell Plymouth To Write Out Runtime Data...
         Starting ebtables ruleset management...
[[0;32m  OK  [0m] Started Apply Kernel Variables.
[[0;32m  OK  [0m] Started udev Kernel Device Manager.
[[0;32m  OK  [0m] Started Dispatch Password Requests to Console Directory Watch.
[[0;32m  OK  [0m] Reached target Local Encrypted Volumes.
[[0;32m  OK  [0m] Started Set console font and keymap.
[[0;32m  OK  [0m] Started Tell Plymouth To Write Out Runtime Data.
[[0;32m  OK  [0m] Found device /dev/ttyS0.
[[0;32m  OK  [0m] Started ebtables ruleset management.
[[0;32m  OK  [0m] Started Flush Journal to Persistent Storage.
         Starting Create Volatile Files and Directories...
[[0;32m  OK  [0m] Listening on Load/Save RF Kill Switch Status /dev/rfkill Watch.
[[0;32m  OK  [0m] Started Create Volatile Files and Directories.
         Starting Update UTMP about System Boot/Shutdown...
[[0;32m  OK  [0m] Started Update UTMP about System Boot/Shutdown.
[[0;32m  OK  [0m] Started AppArmor initialization.
         Starting Load AppArmor profiles managed internally by snapd...
         Starting Initial cloud-init job (pre-networking)...
         Mounting Arbitrary Executable File Formats File System...
[[0;32m  OK  [0m] Mounted Arbitrary Executable File Formats File System.
[[0;32m  OK  [0m] Started Load AppArmor profiles managed internally by snapd.
[  299.104463] cloud-init[605]: Cloud-init v. 23.1.2-0ubuntu0~18.04.1 running 'init-local' at Thu, 25 Jul 2024 17:53:48 +0000. Up 298.70 seconds.
[[0;32m  OK  [0m] Started Initial cloud-init job (pre-networking).
[[0;32m  OK  [0m] Reached target Network (Pre).
         Starting Network Service...
[[0;32m  OK  [0m] Started Network Service.
         Starting Network Name Resolution...
         Starting Wait for Network to be Configured...
[[0;32m  OK  [0m] Started Network Name Resolution.
[[0;32m  OK  [0m] Reached target Network.
[[0;32m  OK  [0m] Reached target Host and Network Name Lookups.
[[0;32m  OK  [0m] Started Wait for Network to be Configured.
         Starting Initial cloud-init job (metadata service crawler)...
[  301.961843] cloud-init[712]: Cloud-init v. 23.1.2-0ubuntu0~18.04.1 running 'init' at Thu, 25 Jul 2024 17:53:51 +0000. Up 301.74 seconds.
[  301.972955] cloud-init[712]: ci-info: ++++++++++++++++++++++++++++++++++++++Net device info+++++++++++++++++++++++++++++++++++++++
[  301.982165] cloud-init[712]: ci-info: +--------+------+-----------------------------+---------------+--------+-------------------+
[  301.992875] cloud-init[712]: ci-info: | Device |  Up  |           Address           |      Mask     | Scope  |     Hw-Address    |
[  302.003484] cloud-init[712]: ci-info: +--------+------+-----------------------------+---------------+--------+-------------------+
[  302.013268] cloud-init[712]: ci-info: | enp0s3 | True |          10.0.2.15          | 255.255.255.0 | global | 02:3b:7b:b7:3b:2d |
[  302.022429] cloud-init[712]: ci-info: | enp0s3 | True |  fe80::3b:7bff:feb7:3b2d/64 |       .       |  link  | 02:3b:7b:b7:3b:2d |
[  302.031840] cloud-init[712]: ci-info: | enp0s8 | True |        192.168.56.11        | 255.255.255.0 | global | 08:00:27:54:88:48 |
[  302.044712] cloud-init[712]: ci-info: | enp0s8 | True | fe80::a00:27ff:fe54:8848/64 |       .       |  link  | 08:00:27:54:88:48 |
[  302.053798] cloud-init[712]: ci-info: |   lo   | True |          127.0.0.1          |   255.0.0.0   |  host  |         .         |
[  302.063314] cloud-init[712]: ci-info: |   lo   | True |           ::1/128           |       .       |  host  |         .         |
[  302.078243] cloud-init[712]: ci-info: +--------+------+-----------------------------+---------------+--------+-------------------+
[  302.088061] cloud-init[712]: ci-info: +++++++++++++++++++++++++++++Route IPv4 info+++++++++++++++++++++++++++++
[  302.096934] cloud-init[712]: ci-info: +-------+--------------+----------+-----------------+-----------+-------+
[  302.110714] cloud-init[712]: ci-info: | Route | Destination  | Gateway  |     Genmask     | Interface | Flags |
[  302.119169] cloud-init[712]: ci-info: +-------+--------------+----------+-----------------+-----------+-------+
[  302.133155] cloud-init[712]: ci-info: |   0   |   0.0.0.0    | 10.0.2.2 |     0.0.0.0     |   enp0s3  |   UG  |
[  302.194774] cloud-init[712]: ci-info: |   1   |   10.0.2.0   | 0.0.0.0  |  255.255.255.0  |   enp0s3  |   U   |
[  302.264884] cloud-init[712]: ci-info: |   2   |   10.0.2.2   | 0.0.0.0  | 255.255.255.255 |   enp0s3  |   UH  |
[  302.289850] cloud-init[712]: ci-info: |   3   | 192.168.56.0 | 0.0.0.0  |  255.255.255.0  |   enp0s8  |   U   |
[  302.315022] cloud-init[712]: ci-info: +-------+--------------+----------+-----------------+-----------+-------+
[  302.362372] cloud-init[712]: ci-info: +++++++++++++++++++Route IPv6 info+++++++++++++++++++
[  302.379651] cloud-init[712]: ci-info: +-------+-------------+---------+-----------+-------+
[  302.398537] cloud-init[712]: ci-info: | Route | Destination | Gateway | Interface | Flags |
[  302.421536] cloud-init[712]: ci-info: +-------+-------------+---------+-----------+-------+
[  302.430408] cloud-init[712]: ci-info: |   1   |  fe80::/64  |    ::   |   enp0s8  |   U   |
[  302.438852] cloud-init[712]: ci-info: |   2   |  fe80::/64  |    ::   |   enp0s3  |   U   |
[  302.453676] cloud-init[712]: ci-info: |   4   |    local    |    ::   |   enp0s3  |   U   |
[  302.460857] cloud-init[712]: ci-info: |   5   |    local    |    ::   |   enp0s8  |   U   |
[  302.470201] cloud-init[712]: ci-info: |   6   |   ff00::/8  |    ::   |   enp0s8  |   U   |
[  302.477424] cloud-init[712]: ci-info: |   7   |   ff00::/8  |    ::   |   enp0s3  |   U   |
[  302.485545] cloud-init[712]: ci-info: +-------+-------------+---------+-----------+-------+
[[0;32m  OK  [0m] Started Initial cloud-init job (metadata service crawler).
[[0;32m  OK  [0m] Reached target System Initialization.
[[0;32m  OK  [0m] Started Daily apt download activities.
[[0;32m  OK  [0m] Started Message of the Day.
[[0;32m  OK  [0m] Started Ubuntu Advantage Timer for running repeated jobs.
[[0;32m  OK  [0m] Listening on cloud-init hotplug hook socket.
[[0;32m  OK  [0m] Listening on UUID daemon activation socket.
[[0;32m  OK  [0m] Listening on D-Bus System Message Bus Socket.
         Starting Docker Socket for the API.
[[0;32m  OK  [0m] Started Discard unused blocks once a week.
[[0;32m  OK  [0m] Started ACPI Events Check.
[[0;32m  OK  [0m] Reached target Paths.
         Starting Socket activation for snappy daemon.
[[0;32m  OK  [0m] Listening on ACPID Listen Socket.
         Starting LXD - unix socket.
[[0;32m  OK  [0m] Listening on Open-iSCSI iscsid Socket.
[[0;32m  OK  [0m] Started Daily apt upgrade and clean activities.
[[0;32m  OK  [0m] Started Daily Cleanup of Temporary Directories.
[[0;32m  OK  [0m] Reached target Timers.
[[0;32m  OK  [0m] Reached target Network is Online.
         Starting Availability of block devices...
[[0;32m  OK  [0m] Reached target Remote File Systems (Pre).
         Mounting /vagrant...
[[0;32m  OK  [0m] Reached target Cloud-config availability.
[[0;32m  OK  [0m] Listening on Docker Socket for the API.
[[0;32m  OK  [0m] Listening on Socket activation for snappy daemon.
[[0;32m  OK  [0m] Listening on LXD - unix socket.
[[0;32m  OK  [0m] Started Availability of block devices.
[[0;32m  OK  [0m] Reached target Sockets.
[[0;32m  OK  [0m] Reached target Basic System.
         Starting Dispatcher daemon for systemd-networkd...
[[0;32m  OK  [0m] Started Regular background program processing daemon.
[[0;32m  OK  [0m] Started Deferred execution scheduler.
         Starting containerd container runtime...
         Starting Snap Daemon...
         Starting LSB: Record successful boot for GRUB...
         Starting Ubuntu FAN network setup...
         Starting Virtualbox guest utils...
         Starting System Logging Service...
         Starting Accounts Service...
         Starting LXD - container startup/shutdown...
[[0;32m  OK  [0m] Started D-Bus System Message Bus.
         Starting Message of the Day...
[[0;32m  OK  [0m] Started FUSE filesystem for LXC.
         Starting Login Service...
         Starting OpenBSD Secure Shell server...
[[0;32m  OK  [0m] Reached target Login Prompts (Pre).
[[0;32m  OK  [0m] Started irqbalance daemon.
[[0;32m  OK  [0m] Started System Logging Service.
[[0;32m  OK  [0m] Started Dispatcher daemon for systemd-networkd.
[[0;32m  OK  [0m] Mounted /vagrant.
[[0;32m  OK  [0m] Started Ubuntu FAN network setup.
[[0;32m  OK  [0m] Started Login Service.
[[0;32m  OK  [0m] Started Unattended Upgrades Shutdown.
         Starting Authorization Manager...
[[0;32m  OK  [0m] Reached target Remote File Systems.
         Starting LSB: automatic crash report generation...
         Starting Permit User Sessions...
[[0;32m  OK  [0m] Started Permit User Sessions.
         Starting Hold until boot process finishes up...
         Starting Terminate Plymouth Boot Screen...
[[0;32m  OK  [0m] Started Hold until boot process finishes up.
[[0;32m  OK  [0m] Started Serial Getty on ttyS0.
         Starting Set console scheme...
[[0;32m  OK  [0m] Started Terminate Plymouth Boot Screen.
[[0;32m  OK  [0m] Started Set console scheme.
[[0;32m  OK  [0m] Created slice system-getty.slice.
[[0;32m  OK  [0m] Started Getty on tty1.
[[0;32m  OK  [0m] Reached target Login Prompts.
[[0;32m  OK  [0m] Started LSB: Record successful boot for GRUB.
[[0;32m  OK  [0m] Started Authorization Manager.
[[0;32m  OK  [0m] Started Accounts Service.
[[0;32m  OK  [0m] Started OpenBSD Secure Shell server.
[[0;32m  OK  [0m] Started LSB: automatic crash report generation.
[[0;32m  OK  [0m] Started Virtualbox guest utils.
[[0;32m  OK  [0m] Started LXD - container startup/shutdown.
[[0;32m  OK  [0m] Started Snap Daemon.
         Starting Wait until snapd is fully seeded...
         Starting Time & Date Service...
[[0;32m  OK  [0m] Started Time & Date Service.
[[0;32m  OK  [0m] Started Wait until snapd is fully seeded.
         Starting Apply the settings specified in cloud-config...
[[0;32m  OK  [0m] Started containerd container runtime.
         Starting Docker Application Container Engine...
[  310.230192] cloud-init[1478]: Cloud-init v. 23.1.2-0ubuntu0~18.04.1 running 'modules:config' at Thu, 25 Jul 2024 17:53:59 +0000. Up 309.45 seconds.
[[0;32m  OK  [0m] Started Apply the settings specified in cloud-config.

Ubuntu 18.04.6 LTS app ttyS0

app login: [  315.417037] cloud-init[1797]: Cloud-init v. 23.1.2-0ubuntu0~18.04.1 running 'modules:final' at Thu, 25 Jul 2024 17:54:05 +0000. Up 315.06 seconds.
[  315.417586] cloud-init[1797]: Cloud-init v. 23.1.2-0ubuntu0~18.04.1 finished at Thu, 25 Jul 2024 17:54:05 +0000. Datasource DataSourceNoCloud [seed=/dev/sdb][dsmode=net].  Up 315.39 seconds
